# JRE version: Java(TM) SE Runtime Environment (9.0+11) (build 9.0.1+11)
# Java VM: Java HotSpot(TM) 64-Bit Server VM (9.0.1+11, mixed mode, tiered, compressed oops, g1 gc, windows-amd64)
Heap:
 garbage-first heap   total 131072K, used 86716K [0x0000000081600000, 0x0000000081700400, 0x0000000100000000)
  region size 1024K, 56 young (57344K), 9 survivors (9216K)
 Metaspace       used 36777K, capacity 38234K, committed 38556K, reserved 1083392K
  class space    used 3854K, capacity 4154K, committed 4252K, reserved 1048576K
GC Heap History (10 events):
Event: 11.438 GC heap before
{Heap before GC invocations=4 (full 0):
 garbage-first heap   total 131072K, used 30893K [0x0000000081600000, 0x0000000081700400, 0x0000000100000000)
  region size 1024K, 26 young (26624K), 10 survivors (10240K)
 Metaspace       used 20673K, capacity 21158K, committed 21296K, reserved 1069056K
  class space    used 2179K, capacity 2344K, committed 2352K, reserved 1048576K
}
Event: 11.451 GC heap after
{Heap after GC invocations=5 (full 0):
 garbage-first heap   total 131072K, used 13101K [0x0000000081600000, 0x0000000081700400, 0x0000000100000000)
  region size 1024K, 2 young (2048K), 2 survivors (2048K)
 Metaspace       used 20673K, capacity 21158K, committed 21296K, reserved 1069056K
  class space    used 2179K, capacity 2344K, committed 2352K, reserved 1048576K
}
Event: 18.784 GC heap before
{Heap before GC invocations=6 (full 0):
 garbage-first heap   total 131072K, used 85805K [0x0000000081600000, 0x0000000081700400, 0x0000000100000000)
  region size 1024K, 73 young (74752K), 2 survivors (2048K)
 Metaspace       used 29091K, capacity 29888K, committed 30000K, reserved 1075200K
  class space    used 3120K, capacity 3326K, committed 3376K, reserved 1048576K
}
Event: 18.797 GC heap after
{Heap after GC invocations=7 (full 0):
 garbage-first heap   total 131072K, used 21518K [0x0000000081600000, 0x0000000081700400, 0x0000000100000000)
  region size 1024K, 10 young (10240K), 10 survivors (10240K)
 Metaspace       used 29091K, capacity 29888K, committed 30000K, reserved 1075200K
  class space    used 3120K, capacity 3326K, committed 3376K, reserved 1048576K
}
Event: 21.639 GC heap before
{Heap before GC invocations=7 (full 0):
 garbage-first heap   total 131072K, used 89102K [0x0000000081600000, 0x0000000081700400, 0x0000000100000000)
  region size 1024K, 76 young (77824K), 10 survivors (10240K)
 Metaspace       used 31317K, capacity 32348K, committed 32560K, reserved 1079296K
  class space    used 3285K, capacity 3518K, committed 3632K, reserved 1048576K
}
Event: 21.660 GC heap after
{Heap after GC invocations=8 (full 0):
 garbage-first heap   total 131072K, used 27333K [0x0000000081600000, 0x0000000081700400, 0x0000000100000000)
  region size 1024K, 10 young (10240K), 10 survivors (10240K)
 Metaspace       used 31317K, capacity 32348K, committed 32560K, reserved 1079296K
  class space    used 3285K, capacity 3518K, committed 3632K, reserved 1048576K
}
Event: 25.740 GC heap before
{Heap before GC invocations=8 (full 0):
 garbage-first heap   total 131072K, used 65221K [0x0000000081600000, 0x0000000081700400, 0x0000000100000000)
  region size 1024K, 48 young (49152K), 10 survivors (10240K)
 Metaspace       used 34763K, capacity 35884K, committed 35920K, reserved 1081344K
  class space    used 3650K, capacity 3890K, committed 3920K, reserved 1048576K
}
Event: 25.758 GC heap after
{Heap after GC invocations=9 (full 0):
 garbage-first heap   total 131072K, used 33166K [0x0000000081600000, 0x0000000081700400, 0x0000000100000000)
  region size 1024K, 6 young (6144K), 6 survivors (6144K)
 Metaspace       used 34763K, capacity 35884K, committed 35920K, reserved 1081344K
  class space    used 3650K, capacity 3890K, committed 3920K, reserved 1048576K
}
Event: 28.494 GC heap before
{Heap before GC invocations=10 (full 0):
 garbage-first heap   total 131072K, used 95630K [0x0000000081600000, 0x0000000081700400, 0x0000000100000000)
  region size 1024K, 67 young (68608K), 6 survivors (6144K)
 Metaspace       used 36569K, capacity 37978K, committed 38300K, reserved 1083392K
  class space    used 3849K, capacity 4154K, committed 4252K, reserved 1048576K
}
Event: 28.520 GC heap after
{Heap after GC invocations=11 (full 0):
 garbage-first heap   total 131072K, used 39612K [0x0000000081600000, 0x0000000081700400, 0x0000000100000000)
  region size 1024K, 9 young (9216K), 9 survivors (9216K)
 Metaspace       used 36569K, capacity 37978K, committed 38300K, reserved 1083392K
  class space    used 3849K, capacity 4154K, committed 4252K, reserved 1048576K
}

